This is XeTeX, Version 3.141592653-2.6-0.999994 (TeX Live 2022/Arch Linux) (preloaded format=xelatex 2023.4.8)  31 OCT 2023 13:24
entering extended mode
 restricted \write18 enabled.
 %&-line parsing enabled.
**/home/dawn/dict/dic
(/home/dawn/dict/dic.tex
LaTeX2e <2021-11-15> patch level 1
L3 programming layer <2022-04-10> (/home/dawn/dict/pre.tex
(/usr/share/texmf-dist/tex/latex/base/article.cls
Document Class: article 2021/10/04 v1.4n Standard LaTeX document class
(/usr/share/texmf-dist/tex/latex/base/size10.clo
File: size10.clo 2021/10/04 v1.4n Standard LaTeX file (size option)
)
\c@part=\count181
\c@section=\count182
\c@subsection=\count183
\c@subsubsection=\count184
\c@paragraph=\count185
\c@subparagraph=\count186
\c@figure=\count187
\c@table=\count188
\abovecaptionskip=\skip47
\belowcaptionskip=\skip48
\bibindent=\dimen138
)
(/usr/share/texmf-dist/tex/latex/geometry/geometry.sty
Package: geometry 2020/01/02 v5.9 Page Geometry

(/usr/share/texmf-dist/tex/latex/graphics/keyval.sty
Package: keyval 2014/10/28 v1.15 key=value parser (DPC)
\KV@toks@=\toks16
)
(/usr/share/texmf-dist/tex/generic/iftex/ifvtex.sty
Package: ifvtex 2019/10/25 v1.7 ifvtex legacy package. Use iftex instead.

(/usr/share/texmf-dist/tex/generic/iftex/iftex.sty
Package: iftex 2022/02/03 v1.0f TeX engine tests
))
\Gm@cnth=\count189
\Gm@cntv=\count190
\c@Gm@tempcnt=\count191
\Gm@bindingoffset=\dimen139
\Gm@wd@mp=\dimen140
\Gm@odd@mp=\dimen141
\Gm@even@mp=\dimen142
\Gm@layoutwidth=\dimen143
\Gm@layoutheight=\dimen144
\Gm@layouthoffset=\dimen145
\Gm@layoutvoffset=\dimen146
\Gm@dimlist=\toks17
)
(/usr/share/texmf-dist/tex/latex/base/inputenc.sty
Package: inputenc 2021/02/14 v1.3d Input encoding file
\inpenc@prehook=\toks18
\inpenc@posthook=\toks19


Package inputenc Warning: inputenc package ignored with utf8 based engines.

) (/usr/share/texmf-dist/tex/latex/base/fontenc.sty
Package: fontenc 2021/04/29 v2.0v Standard LaTeX package
LaTeX Font Info:    Trying to load font information for T1+lmr on input line 11
2.

(/usr/share/texmf-dist/tex/latex/lm/t1lmr.fd
File: t1lmr.fd 2015/05/01 v1.6.1 Font defs for Latin Modern
))
(/usr/share/texmf-dist/tex/latex/fontspec/fontspec.sty
(/usr/share/texmf-dist/tex/latex/l3packages/xparse/xparse.sty
(/usr/share/texmf-dist/tex/latex/l3kernel/expl3.sty
Package: expl3 2022-04-10 L3 programming layer (loader) 

(/usr/share/texmf-dist/tex/latex/l3backend/l3backend-xetex.def
File: l3backend-xetex.def 2022-04-14 L3 backend support: XeTeX
\l__color_backend_stack_int=\count192
\g__color_backend_stack_int=\count193
\g__graphics_track_int=\count194
\l__pdf_internal_box=\box50
\g__pdf_backend_object_int=\count195
\g__pdf_backend_annotation_int=\count196
\g__pdf_backend_link_int=\count197
))
Package: xparse 2022-01-12 L3 Experimental document command parser
)
Package: fontspec 2022/01/15 v2.8a Font selection for XeLaTeX and LuaLaTeX

(/usr/share/texmf-dist/tex/latex/fontspec/fontspec-xetex.sty
Package: fontspec-xetex 2022/01/15 v2.8a Font selection for XeLaTeX and LuaLaTe
X
\l__fontspec_script_int=\count198
\l__fontspec_language_int=\count199
\l__fontspec_strnum_int=\count266
\l__fontspec_tmp_int=\count267
\l__fontspec_tmpa_int=\count268
\l__fontspec_tmpb_int=\count269
\l__fontspec_tmpc_int=\count270
\l__fontspec_em_int=\count271
\l__fontspec_emdef_int=\count272
\l__fontspec_strong_int=\count273
\l__fontspec_strongdef_int=\count274
\l__fontspec_tmpa_dim=\dimen147
\l__fontspec_tmpb_dim=\dimen148
\l__fontspec_tmpc_dim=\dimen149

(/usr/share/texmf-dist/tex/latex/base/fontenc.sty
Package: fontenc 2021/04/29 v2.0v Standard LaTeX package
)
(/usr/share/texmf-dist/tex/latex/fontspec/fontspec.cfg)))
(/usr/share/texmf-dist/tex/latex/microtype/microtype.sty
Package: microtype 2022/03/14 v3.0d Micro-typographical refinements (RS)

(/usr/share/texmf-dist/tex/latex/etoolbox/etoolbox.sty
Package: etoolbox 2020/10/05 v2.5k e-TeX tools for LaTeX (JAW)
\etb@tempcnta=\count275
)
\MT@toks=\toks20
\MT@tempbox=\box51
\MT@count=\count276
LaTeX Info: Redefining \noprotrusionifhmode on input line 1027.
LaTeX Info: Redefining \leftprotrusion on input line 1028.
LaTeX Info: Redefining \rightprotrusion on input line 1036.
LaTeX Info: Redefining \textls on input line 1195.
\MT@outer@kern=\dimen150
LaTeX Info: Redefining \textmicrotypecontext on input line 1781.
\MT@listname@count=\count277

(/usr/share/texmf-dist/tex/latex/microtype/microtype-xetex.def
File: microtype-xetex.def 2022/03/14 v3.0d Definitions specific to xetex (RS)
LaTeX Info: Redefining \lsstyle on input line 236.
)
Package microtype Info: Loading configuration file microtype.cfg.

(/usr/share/texmf-dist/tex/latex/microtype/microtype.cfg
File: microtype.cfg 2022/03/14 v3.0d microtype main configuration file (RS)
))
(/usr/share/texmf-dist/tex/xelatex/xecjk/xeCJK.sty
Package: xeCJK 2021/12/12 v3.8.8 Typesetting CJK scripts with XeLaTeX

(/usr/share/texmf-dist/tex/latex/ctex/ctexhook.sty
Package: ctexhook 2021/12/12 v2.5.8 Document and package hooks (CTEX)
)
(/usr/share/texmf-dist/tex/latex/l3packages/l3keys2e/l3keys2e.sty
Package: l3keys2e 2022-01-12 LaTeX2e option processing using LaTeX3 keys
)
(/usr/share/texmf-dist/tex/latex/l3packages/xtemplate/xtemplate.sty
Package: xtemplate 2022-01-12 L3 Experimental prototype document functions
\l__xtemplate_tmp_dim=\dimen151
\l__xtemplate_tmp_int=\count278
\l__xtemplate_tmp_muskip=\muskip16
\l__xtemplate_tmp_skip=\skip49
)
\l__xeCJK_tmp_int=\count279
\l__xeCJK_tmp_box=\box52
\l__xeCJK_tmp_dim=\dimen152
\l__xeCJK_tmp_skip=\skip50
\g__xeCJK_space_factor_int=\count280
\l__xeCJK_begin_int=\count281
\l__xeCJK_end_int=\count282
\c__xeCJK_CJK_class_int=\XeTeXcharclass1
\c__xeCJK_FullLeft_class_int=\XeTeXcharclass2
\c__xeCJK_FullRight_class_int=\XeTeXcharclass3
\c__xeCJK_HalfLeft_class_int=\XeTeXcharclass4
\c__xeCJK_HalfRight_class_int=\XeTeXcharclass5
\c__xeCJK_NormalSpace_class_int=\XeTeXcharclass6
\c__xeCJK_CM_class_int=\XeTeXcharclass7
\c__xeCJK_HangulJamo_class_int=\XeTeXcharclass8
\l__xeCJK_last_skip=\skip51
\g__xeCJK_node_int=\count283
\c__xeCJK_CJK_node_dim=\dimen153
\c__xeCJK_CJK-space_node_dim=\dimen154
\c__xeCJK_default_node_dim=\dimen155
\c__xeCJK_default-space_node_dim=\dimen156
\c__xeCJK_CJK-widow_node_dim=\dimen157
\c__xeCJK_normalspace_node_dim=\dimen158
\l__xeCJK_ccglue_skip=\skip52
\l__xeCJK_ecglue_skip=\skip53
\l__xeCJK_punct_kern_skip=\skip54
\l__xeCJK_last_penalty_int=\count284
\l__xeCJK_last_bound_dim=\dimen159
\l__xeCJK_last_kern_dim=\dimen160
\l__xeCJK_widow_penalty_int=\count285

Package xtemplate Info: Declaring object type 'xeCJK/punctuation' taking 0
(xtemplate)             argument(s) on line 2337.

\l__xeCJK_fixed_punct_width_dim=\dimen161
\l__xeCJK_mixed_punct_width_dim=\dimen162
\l__xeCJK_middle_punct_width_dim=\dimen163
\l__xeCJK_fixed_margin_width_dim=\dimen164
\l__xeCJK_mixed_margin_width_dim=\dimen165
\l__xeCJK_middle_margin_width_dim=\dimen166
\l__xeCJK_bound_punct_width_dim=\dimen167
\l__xeCJK_bound_margin_width_dim=\dimen168
\l__xeCJK_margin_minimum_dim=\dimen169
\l__xeCJK_kerning_total_width_dim=\dimen170
\l__xeCJK_same_align_margin_dim=\dimen171
\l__xeCJK_different_align_margin_dim=\dimen172
\l__xeCJK_kerning_margin_width_dim=\dimen173
\l__xeCJK_kerning_margin_minimum_dim=\dimen174
\l__xeCJK_bound_dim=\dimen175
\l__xeCJK_reverse_bound_dim=\dimen176
\l__xeCJK_margin_dim=\dimen177
\l__xeCJK_minimum_bound_dim=\dimen178
\l__xeCJK_kerning_margin_dim=\dimen179
\g__xeCJK_family_int=\count286
\l__xeCJK_fam_int=\count287
\g__xeCJK_fam_allocation_int=\count288
\l__xeCJK_verb_case_int=\count289
\l__xeCJK_verb_exspace_skip=\skip55

(/usr/share/texmf-dist/tex/xelatex/xecjk/xeCJK.cfg
File: xeCJK.cfg 2021/12/12 v3.8.8 Configuration file for xeCJK package
))
(/usr/share/texmf-dist/tex/latex/xpinyin/xpinyin.sty
Package: xpinyin 2020/10/19 v2.9 Automatically add pinyin to Chinese characters

\l__xpinyin_tmpa_box=\box53
\l__xpinyin_tmpb_box=\box54
\l__xpinyin_CJKglue_dim=\dimen180

(/usr/share/texmf-dist/tex/latex/xpinyin/xpinyin-database.def
File: xpinyin-database.def 2020/10/19 v2.9 xpinyin database
))
(/usr/share/texmf-dist/tex/latex/qrcode/qrcode.sty
Package: qrcode 2015/01/08 v1.51 QR code generation

(/usr/share/texmf-dist/tex/latex/xcolor/xcolor.sty
Package: xcolor 2021/10/31 v2.13 LaTeX color extensions (UK)

(/usr/share/texmf-dist/tex/latex/graphics-cfg/color.cfg
File: color.cfg 2016/01/02 v1.6 sample color configuration
)
Package xcolor Info: Driver file: xetex.def on input line 227.

(/usr/share/texmf-dist/tex/latex/graphics-def/xetex.def
File: xetex.def 2022/04/12 v5.0l Graphics/color driver for xetex
)
Package xcolor Info: Model `cmy' substituted by `cmy0' on input line 1352.
Package xcolor Info: Model `RGB' extended on input line 1368.
Package xcolor Info: Model `HTML' substituted by `rgb' on input line 1370.
Package xcolor Info: Model `Hsb' substituted by `hsb' on input line 1371.
Package xcolor Info: Model `tHsb' substituted by `hsb' on input line 1372.
Package xcolor Info: Model `HSB' substituted by `hsb' on input line 1373.
Package xcolor Info: Model `Gray' substituted by `gray' on input line 1374.
Package xcolor Info: Model `wave' substituted by `hsb' on input line 1375.
)
(/usr/share/texmf-dist/tex/latex/xkeyval/xkeyval.sty
Package: xkeyval 2020/11/20 v2.8 package option processing (HA)

(/usr/share/texmf-dist/tex/generic/xkeyval/xkeyval.tex
(/usr/share/texmf-dist/tex/generic/xkeyval/xkvutils.tex
\XKV@toks=\toks21
\XKV@tempa@toks=\toks22
)
\XKV@depth=\count290
File: xkeyval.tex 2014/12/03 v2.7a key=value parser (HA)
))
\c@qr@i=\count291
\c@qr@j=\count292
\qr@a=\count293
\qr@b=\count294
\qr@c=\count295
\qr@for@depth=\count296
\qr@for@maxdepth=\count297
\qr@for@start=\count298
\qr@for@end=\count299
\qr@for@step=\count300
\qr@newforcount=\count301
\qr@newforcount=\count302
\qr@desiredheight=\skip56
\qr@modulesize=\skip57
\qr@minipagewidth=\skip58
\c@maski=\count303
\c@maskj=\count304
\c@totalones=\count305
\c@penaltyi=\count306
\c@penaltyii=\count307
\c@penaltyiii=\count308
\c@penaltyiv=\count309
\c@qr@hexchars=\count310
\qr@newforcount=\count311
\c@qr@divisionsremaining=\count312
)
(/usr/share/texmf-dist/tex/latex/tipa/tipa.sty
Package: tipa 2002/08/08 TIPA version 1.1

(/usr/share/texmf-dist/tex/latex/base/fontenc.sty
Package: fontenc 2021/04/29 v2.0v Standard LaTeX package

(/usr/share/texmf-dist/tex/latex/tipa/t3enc.def
File: t3enc.def 2001/12/31 T3 encoding
LaTeX Font Info:    Trying to load font information for T3+lmss on input line 3
57.
LaTeX Font Info:    No file T3lmss.fd. on input line 357.
LaTeX Font Info:    Trying to load font information for T3+cmr on input line 35
7.

(/usr/share/texmf-dist/tex/latex/tipa/t3cmr.fd
File: t3cmr.fd 2001/12/31 TIPA font definitions
)

LaTeX Font Warning: Font shape `T3/lmss/m/n' undefined
(Font)              using `T3/cmr/m/n' instead on input line 357.

))) (/usr/share/texmf-dist/tex/latex/tools/multicol.sty
Package: multicol 2021/10/28 v1.9b multicolumn formatting (FMi)
\c@tracingmulticols=\count313
\mult@box=\box55
\multicol@leftmargin=\dimen181
\c@unbalance=\count314
\c@collectmore=\count315
\doublecol@number=\count316
\multicoltolerance=\count317
\multicolpretolerance=\count318
\full@width=\dimen182
\page@free=\dimen183
\premulticols=\dimen184
\postmulticols=\dimen185
\multicolsep=\skip59
\multicolbaselineskip=\skip60
\partial@page=\box56
\last@line=\box57
\maxbalancingoverflow=\dimen186
\mult@rightbox=\box58
\mult@grightbox=\box59
\mult@firstbox=\box60
\mult@gfirstbox=\box61
\@tempa=\box62
\@tempa=\box63
\@tempa=\box64
\@tempa=\box65
\@tempa=\box66
\@tempa=\box67
\@tempa=\box68
\@tempa=\box69
\@tempa=\box70
\@tempa=\box71
\@tempa=\box72
\@tempa=\box73
\@tempa=\box74
\@tempa=\box75
\@tempa=\box76
\@tempa=\box77
\@tempa=\box78
\@tempa=\box79
\@tempa=\box80
\@tempa=\box81
\@tempa=\box82
\@tempa=\box83
\@tempa=\box84
\@tempa=\box85
\@tempa=\box86
\@tempa=\box87
\@tempa=\box88
\@tempa=\box89
\@tempa=\box90
\@tempa=\box91
\@tempa=\box92
\@tempa=\box93
\@tempa=\box94
\@tempa=\box95
\@tempa=\box96
\@tempa=\box97
\c@minrows=\count319
\c@columnbadness=\count320
\c@finalcolumnbadness=\count321
\last@try=\dimen187
\multicolovershoot=\dimen188
\multicolundershoot=\dimen189
\mult@nat@firstbox=\box98
\colbreak@box=\box99
\mc@col@check@num=\count322
)
(/usr/share/texmf-dist/tex/latex/titlesec/titlesec.sty
Package: titlesec 2021/07/05 v2.14 Sectioning titles
\ttl@box=\box100
\beforetitleunit=\skip61
\aftertitleunit=\skip62
\ttl@plus=\dimen190
\ttl@minus=\dimen191
\ttl@toksa=\toks23
\titlewidth=\dimen192
\titlewidthlast=\dimen193
\titlewidthfirst=\dimen194
)
(/usr/share/texmf-dist/tex/latex/fancyhdr/fancyhdr.sty
Package: fancyhdr 2021/01/28 v4.0.1 Extensive control of page headers and foote
rs
\f@nch@headwidth=\skip63
\f@nch@O@elh=\skip64
\f@nch@O@erh=\skip65
\f@nch@O@olh=\skip66
\f@nch@O@orh=\skip67
\f@nch@O@elf=\skip68
\f@nch@O@erf=\skip69
\f@nch@O@olf=\skip70
\f@nch@O@orf=\skip71
)
(/usr/share/texmf-dist/tex/latex/lettrine/lettrine.sty
File: lettrine.sty 2020-03-14 v2.23 (Daniel Flipo)

(/usr/share/texmf-dist/tex/generic/minifp/minifp.sty
Package: minifp 2013/12/30 v0.96. Macros for real number operations and a stack
-based programing language.
\MFP@loopctr=\count323
)
\c@DefaultLines=\count324
\c@DefaultDepth=\count325
\DefaultFindent=\dimen195
\DefaultNindent=\dimen196
\DefaultSlope=\dimen197
\DiscardVskip=\dimen198
\L@lbox=\box101
\L@tbox=\box102
\c@L@lines=\count326
\c@L@depth=\count327
\L@Pindent=\dimen199
\L@Findent=\dimen256
\L@Nindent=\dimen257
\L@lraise=\dimen258
\L@first=\dimen259
\L@next=\dimen260
\L@slope=\dimen261
\L@height=\dimen262
\L@novskip=\dimen263
\L@target@ht=\dimen264
\L@target@dp=\dimen265
\L@target@tht=\dimen266
\LettrineWidth=\dimen267
\LettrineHeight=\dimen268
\LettrineDepth=\dimen269
\Llist@everypar=\toks24

Loading lettrine.cfg
(/usr/share/texmf-dist/tex/latex/lettrine/lettrine.cfg))

Package fontspec Info: Could not resolve font "Noto Sans CJK HK/I" (it
(fontspec)             probably doesn't exist).


Package fontspec Info: Font family 'NotoSansCJKHK(0)' created for font 'Noto
(fontspec)             Sans CJK HK' with options [Script={CJK}].
(fontspec)              
(fontspec)              This font family consists of the following NFSS
(fontspec)             series/shapes:
(fontspec)              
(fontspec)             - 'normal' (m/n) with NFSS spec.: <->"Noto Sans CJK
(fontspec)             HK/OT:script=hani;language=dflt;"
(fontspec)             - 'small caps'  (m/sc) with NFSS spec.: 
(fontspec)             - 'bold' (b/n) with NFSS spec.: <->"Noto Sans CJK
(fontspec)             HK/B/OT:script=hani;language=dflt;"
(fontspec)             - 'bold small caps'  (b/sc) with NFSS spec.: 
(fontspec)             - 'bold italic' (b/it) with NFSS spec.: <->"Noto Sans
(fontspec)             CJK HK/BI/OT:script=hani;language=dflt;"
(fontspec)             - 'bold italic small caps'  (b/scit) with NFSS spec.: 

)

LaTeX Warning: Unused global option(s):
    [5pt].

(/home/dawn/dict/dic.aux
<Reading QR code for "https://www.ctan.org/tex-archive/macros/latex/contrib/qrc
ode?lang=en" at level 5-M from aux file.>
)
\openout1 = `dic.aux'.

LaTeX Font Info:    Checking defaults for OML/cmm/m/it on input line 4.
LaTeX Font Info:    ... okay on input line 4.
LaTeX Font Info:    Checking defaults for OMS/cmsy/m/n on input line 4.
LaTeX Font Info:    ... okay on input line 4.
LaTeX Font Info:    Checking defaults for OT1/cmr/m/n on input line 4.
LaTeX Font Info:    ... okay on input line 4.
LaTeX Font Info:    Checking defaults for T1/cmr/m/n on input line 4.
LaTeX Font Info:    ... okay on input line 4.
LaTeX Font Info:    Checking defaults for TS1/cmr/m/n on input line 4.
LaTeX Font Info:    Trying to load font information for TS1+cmr on input line 4
.
 (/usr/share/texmf-dist/tex/latex/base/ts1cmr.fd
File: ts1cmr.fd 2019/12/16 v2.5j Standard LaTeX font definitions
)
LaTeX Font Info:    ... okay on input line 4.
LaTeX Font Info:    Checking defaults for TU/lmr/m/n on input line 4.
LaTeX Font Info:    ... okay on input line 4.
LaTeX Font Info:    Checking defaults for OMX/cmex/m/n on input line 4.
LaTeX Font Info:    ... okay on input line 4.
LaTeX Font Info:    Checking defaults for U/cmr/m/n on input line 4.
LaTeX Font Info:    ... okay on input line 4.
LaTeX Font Info:    Checking defaults for T3/cmr/m/n on input line 4.
LaTeX Font Info:    ... okay on input line 4.

*geometry* driver: auto-detecting
*geometry* detected driver: xetex
*geometry* verbose mode - [ preamble ] result:
* driver: xetex
* paper: a5paper
* layout: <same size as paper>
* layoutoffset:(h,v)=(0.0pt,0.0pt)
* modes: twoside 
* h-part:(L,W,R)=(36.98866pt, 347.12346pt, 36.98866pt)
* v-part:(T,H,B)=(36.98866pt, 523.53055pt, 36.98866pt)
* \paperwidth=421.10078pt
* \paperheight=597.50787pt
* \textwidth=347.12346pt
* \textheight=523.53055pt
* \oddsidemargin=-35.28133pt
* \evensidemargin=-35.28133pt
* \topmargin=-72.28133pt
* \headheight=12.0pt
* \headsep=25.0pt
* \topskip=10.0pt
* \footskip=30.0pt
* \marginparwidth=47.0pt
* \marginparsep=11.0pt
* \columnsep=20.0pt
* \skip\footins=9.0pt plus 4.0pt minus 2.0pt
* \hoffset=0.0pt
* \voffset=0.0pt
* \mag=1000
* \@twocolumnfalse
* \@twosidetrue
* \@mparswitchtrue
* \@reversemarginfalse
* (1in=72.27pt=25.4mm, 1cm=28.453pt)


Package fontspec Info: Adjusting the maths setup (use [no-math] to avoid
(fontspec)             this).

\symlegacymaths=\mathgroup4
LaTeX Font Info:    Overwriting symbol font `legacymaths' in version `bold'
(Font)                  OT1/cmr/m/n --> OT1/cmr/bx/n on input line 4.
LaTeX Font Info:    Redeclaring math accent \acute on input line 4.
LaTeX Font Info:    Redeclaring math accent \grave on input line 4.
LaTeX Font Info:    Redeclaring math accent \ddot on input line 4.
LaTeX Font Info:    Redeclaring math accent \tilde on input line 4.
LaTeX Font Info:    Redeclaring math accent \bar on input line 4.
LaTeX Font Info:    Redeclaring math accent \breve on input line 4.
LaTeX Font Info:    Redeclaring math accent \check on input line 4.
LaTeX Font Info:    Redeclaring math accent \hat on input line 4.
LaTeX Font Info:    Redeclaring math accent \dot on input line 4.
LaTeX Font Info:    Redeclaring math accent \mathring on input line 4.
LaTeX Font Info:    Redeclaring math symbol \colon on input line 4.
LaTeX Font Info:    Redeclaring math symbol \Gamma on input line 4.
LaTeX Font Info:    Redeclaring math symbol \Delta on input line 4.
LaTeX Font Info:    Redeclaring math symbol \Theta on input line 4.
LaTeX Font Info:    Redeclaring math symbol \Lambda on input line 4.
LaTeX Font Info:    Redeclaring math symbol \Xi on input line 4.
LaTeX Font Info:    Redeclaring math symbol \Pi on input line 4.
LaTeX Font Info:    Redeclaring math symbol \Sigma on input line 4.
LaTeX Font Info:    Redeclaring math symbol \Upsilon on input line 4.
LaTeX Font Info:    Redeclaring math symbol \Phi on input line 4.
LaTeX Font Info:    Redeclaring math symbol \Psi on input line 4.
LaTeX Font Info:    Redeclaring math symbol \Omega on input line 4.
LaTeX Font Info:    Redeclaring math symbol \mathdollar on input line 4.
LaTeX Font Info:    Redeclaring symbol font `operators' on input line 4.
LaTeX Font Info:    Encoding `OT1' has changed to `TU' for symbol font
(Font)              `operators' in the math version `normal' on input line 4.
LaTeX Font Info:    Overwriting symbol font `operators' in version `normal'
(Font)                  OT1/cmr/m/n --> TU/lmr/m/n on input line 4.
LaTeX Font Info:    Encoding `OT1' has changed to `TU' for symbol font
(Font)              `operators' in the math version `bold' on input line 4.
LaTeX Font Info:    Overwriting symbol font `operators' in version `bold'
(Font)                  OT1/cmr/bx/n --> TU/lmr/m/n on input line 4.
LaTeX Font Info:    Overwriting symbol font `operators' in version `normal'
(Font)                  TU/lmr/m/n --> TU/lmr/m/n on input line 4.
LaTeX Font Info:    Overwriting math alphabet `\mathit' in version `normal'
(Font)                  OT1/cmr/m/it --> TU/lmr/m/it on input line 4.
LaTeX Font Info:    Overwriting math alphabet `\mathbf' in version `normal'
(Font)                  OT1/cmr/bx/n --> TU/lmr/b/n on input line 4.
LaTeX Font Info:    Overwriting math alphabet `\mathsf' in version `normal'
(Font)                  OT1/cmss/m/n --> TU/lmss/m/n on input line 4.
LaTeX Font Info:    Overwriting math alphabet `\mathtt' in version `normal'
(Font)                  OT1/cmtt/m/n --> TU/lmtt/m/n on input line 4.
LaTeX Font Info:    Overwriting symbol font `operators' in version `bold'
(Font)                  TU/lmr/m/n --> TU/lmr/b/n on input line 4.
LaTeX Font Info:    Overwriting math alphabet `\mathit' in version `bold'
(Font)                  OT1/cmr/bx/it --> TU/lmr/b/it on input line 4.
LaTeX Font Info:    Overwriting math alphabet `\mathsf' in version `bold'
(Font)                  OT1/cmss/bx/n --> TU/lmss/b/n on input line 4.
LaTeX Font Info:    Overwriting math alphabet `\mathtt' in version `bold'
(Font)                  OT1/cmtt/m/n --> TU/lmtt/b/n on input line 4.
LaTeX Info: Redefining \microtypecontext on input line 4.
Package microtype Info: Applying patch `item' on input line 4.
Package microtype Info: Applying patch `toc' on input line 4.
Package microtype Info: Applying patch `eqnum' on input line 4.
Package microtype Info: Applying patch `footnote' on input line 4.
Package microtype Info: Character protrusion enabled (level 2).
Package microtype Info: Using default protrusion set `alltext'.
Package microtype Info: No adjustment of tracking.
Package microtype Info: No adjustment of spacing.
Package microtype Info: No adjustment of kerning.
(/usr/share/texmf-dist/tex/latex/microtype/mt-LatinModernRoman.cfg
File: mt-LatinModernRoman.cfg 2021/02/21 v1.1 microtype config. file: Latin Mod
ern Roman (RS)
)

Package xeCJK Warning: Unknown CJK family `\CJKsfdefault' is being ignored.
(xeCJK)                
(xeCJK)                Try to use `\setCJKsansfont[...]{...}' to define it.

Package microtype Info: Loading generic protrusion settings for font family
(microtype)             `lmss' (encoding: TU).
(microtype)             For optimal results, create family-specific settings.
(microtype)             See the microtype manual for details.
Package lettrine.sty Info: Targeted height = 17.14pt
(lettrine.sty)             (for loversize=0, accent excluded),
(lettrine.sty)             Lettrine height = 17.41602pt (\textit {\#});
(lettrine.sty)             reported on input line 8.

Underfull \hbox (badness 10000) in paragraph at lines 8--9

 []

Package lettrine.sty Info: Targeted height = 17.14pt
(lettrine.sty)             (for loversize=0, accent excluded),
(lettrine.sty)             Lettrine height = 11.06696pt (\textit {a});
(lettrine.sty)             reported on input line 12.

Underfull \hbox (badness 10000) in paragraph at lines 12--13

 []

Package lettrine.sty Info: Targeted height = 17.14pt
(lettrine.sty)             (for loversize=0, accent excluded),
(lettrine.sty)             Lettrine height = 17.41602pt (\textit {b});
(lettrine.sty)             reported on input line 26.

Underfull \hbox (badness 10000) in paragraph at lines 26--27

 []

Package lettrine.sty Info: Targeted height = 17.14pt
(lettrine.sty)             (for loversize=0, accent excluded),
(lettrine.sty)             Lettrine height = 11.06696pt (\textit {c});
(lettrine.sty)             reported on input line 62.

Underfull \hbox (badness 10000) in paragraph at lines 62--63

 []

Package lettrine.sty Info: Targeted height = 17.14pt
(lettrine.sty)             (for loversize=0, accent excluded),
(lettrine.sty)             Lettrine height = 17.41602pt (\textit {d});
(lettrine.sty)             reported on input line 90.

Underfull \hbox (badness 10000) in paragraph at lines 90--91

 []

[1

]
Underfull \hbox (badness 5847) in paragraph at lines 106--107
[]\TU/lmr/bx/n/10 Denizens \TU/lmr/m/n/10 - It’s our job as
 []


Underfull \hbox (badness 6445) in paragraph at lines 114--115
[]\TU/lmr/bx/n/10 Doormat \TU/lmr/m/n/10 - Christians aren’t
 []

Package lettrine.sty Info: Targeted height = 17.14pt
(lettrine.sty)             (for loversize=0, accent excluded),
(lettrine.sty)             Lettrine height = 11.06696pt (\textit {e});
(lettrine.sty)             reported on input line 120.

Underfull \hbox (badness 10000) in paragraph at lines 120--121

 []

Package lettrine.sty Info: Targeted height = 17.14pt
(lettrine.sty)             (for loversize=0, accent excluded),
(lettrine.sty)             Lettrine height = 17.66696pt (\textit {f});
(lettrine.sty)             reported on input line 130.

Underfull \hbox (badness 10000) in paragraph at lines 130--131

 []

Package lettrine.sty Info: Targeted height = 17.14pt
(lettrine.sty)             (for loversize=0, accent excluded),
(lettrine.sty)             Lettrine height = 11.06696pt (\textit {g});
(lettrine.sty)             reported on input line 150.

Underfull \hbox (badness 10000) in paragraph at lines 150--151

 []

Package lettrine.sty Info: Targeted height = 17.14pt
(lettrine.sty)             (for loversize=0, accent excluded),
(lettrine.sty)             Lettrine height = 17.41602pt (\textit {h});
(lettrine.sty)             reported on input line 180.

Underfull \hbox (badness 10000) in paragraph at lines 180--181

 []


Underfull \hbox (badness 10000) in paragraph at lines 198--199
[]\TU/lmr/bx/n/10 Hellishly \TU/lmr/m/n/10 - Operating at a
 []

[2]
Package lettrine.sty Info: Targeted height = 17.14pt
(lettrine.sty)             (for loversize=0, accent excluded),
(lettrine.sty)             Lettrine height = 16.31183pt (\textit {i});
(lettrine.sty)             reported on input line 210.

Underfull \hbox (badness 10000) in paragraph at lines 210--211

 []

Package lettrine.sty Info: Targeted height = 17.14pt
(lettrine.sty)             (for loversize=0, accent excluded),
(lettrine.sty)             Lettrine height = 16.31183pt (\textit {j});
(lettrine.sty)             reported on input line 224.

Underfull \hbox (badness 10000) in paragraph at lines 224--225

 []

Package lettrine.sty Info: Targeted height = 17.14pt
(lettrine.sty)             (for loversize=0, accent excluded),
(lettrine.sty)             Lettrine height = 17.41602pt (\textit {k});
(lettrine.sty)             reported on input line 226.

Underfull \hbox (badness 10000) in paragraph at lines 226--227

 []

Package lettrine.sty Info: Targeted height = 17.14pt
(lettrine.sty)             (for loversize=0, accent excluded),
(lettrine.sty)             Lettrine height = 17.41602pt (\textit {l});
(lettrine.sty)             reported on input line 236.

Underfull \hbox (badness 10000) in paragraph at lines 236--237

 []

Package lettrine.sty Info: Targeted height = 17.14pt
(lettrine.sty)             (for loversize=0, accent excluded),
(lettrine.sty)             Lettrine height = 11.06696pt (\textit {m});
(lettrine.sty)             reported on input line 253.

Underfull \hbox (badness 10000) in paragraph at lines 251--253
[]\TU/lmr/bx/n/10 Luciferian \TU/lmr/m/n/10 - epistemic pre-
 []


Underfull \hbox (badness 10000) in paragraph at lines 253--254

 []

Package lettrine.sty Info: Targeted height = 17.14pt
(lettrine.sty)             (for loversize=0, accent excluded),
(lettrine.sty)             Lettrine height = 11.06696pt (\textit {n});
(lettrine.sty)             reported on input line 271.

Underfull \hbox (badness 10000) in paragraph at lines 271--272

 []

Package lettrine.sty Info: Targeted height = 17.14pt
(lettrine.sty)             (for loversize=0, accent excluded),
(lettrine.sty)             Lettrine height = 11.06696pt (\textit {o});
(lettrine.sty)             reported on input line 281.

Underfull \hbox (badness 10000) in paragraph at lines 281--282

 []

Package lettrine.sty Info: Targeted height = 17.14pt
(lettrine.sty)             (for loversize=0, accent excluded),
(lettrine.sty)             Lettrine height = 11.06696pt (\textit {p});
(lettrine.sty)             reported on input line 289.

Underfull \hbox (badness 10000) in paragraph at lines 289--290

 []

[3]
Package lettrine.sty Info: Targeted height = 17.14pt
(lettrine.sty)             (for loversize=0, accent excluded),
(lettrine.sty)             Lettrine height = 11.06696pt (\textit {q});
(lettrine.sty)             reported on input line 321.

Underfull \hbox (badness 10000) in paragraph at lines 321--322

 []

Package lettrine.sty Info: Targeted height = 17.14pt
(lettrine.sty)             (for loversize=0, accent excluded),
(lettrine.sty)             Lettrine height = 11.06696pt (\textit {r});
(lettrine.sty)             reported on input line 323.

Underfull \hbox (badness 10000) in paragraph at lines 323--324

 []

Package lettrine.sty Info: Targeted height = 17.14pt
(lettrine.sty)             (for loversize=0, accent excluded),
(lettrine.sty)             Lettrine height = 11.06696pt (\textit {s});
(lettrine.sty)             reported on input line 347.

Underfull \hbox (badness 10000) in paragraph at lines 347--348

 []

Package lettrine.sty Info: Targeted height = 17.14pt
(lettrine.sty)             (for loversize=0, accent excluded),
(lettrine.sty)             Lettrine height = 15.68445pt (\textit {t});
(lettrine.sty)             reported on input line 367.

Underfull \hbox (badness 10000) in paragraph at lines 367--368

 []

Package lettrine.sty Info: Targeted height = 17.14pt
(lettrine.sty)             (for loversize=0, accent excluded),
(lettrine.sty)             Lettrine height = 11.06696pt (\textit {u});
(lettrine.sty)             reported on input line 397.

Underfull \hbox (badness 10000) in paragraph at lines 397--398

 []

Package lettrine.sty Info: Targeted height = 17.14pt
(lettrine.sty)             (for loversize=0, accent excluded),
(lettrine.sty)             Lettrine height = 11.06696pt (\textit {v});
(lettrine.sty)             reported on input line 409.

Underfull \hbox (badness 10000) in paragraph at lines 409--410

 []

Package lettrine.sty Info: Targeted height = 17.14pt
(lettrine.sty)             (for loversize=0, accent excluded),
(lettrine.sty)             Lettrine height = 11.06696pt (\textit {w});
(lettrine.sty)             reported on input line 415.

Underfull \hbox (badness 10000) in paragraph at lines 415--416

 []

[4]
Package lettrine.sty Info: Targeted height = 17.14pt
(lettrine.sty)             (for loversize=0, accent excluded),
(lettrine.sty)             Lettrine height = 11.06696pt (\textit {x});
(lettrine.sty)             reported on input line 425.

Underfull \hbox (badness 10000) in paragraph at lines 425--426

 []

Package lettrine.sty Info: Targeted height = 17.14pt
(lettrine.sty)             (for loversize=0, accent excluded),
(lettrine.sty)             Lettrine height = 11.06696pt (\textit {y});
(lettrine.sty)             reported on input line 427.

Underfull \hbox (badness 10000) in paragraph at lines 427--428

 []

Package lettrine.sty Info: Targeted height = 17.14pt
(lettrine.sty)             (for loversize=0, accent excluded),
(lettrine.sty)             Lettrine height = 11.06696pt (\textit {z});
(lettrine.sty)             reported on input line 431.

Underfull \hbox (badness 10000) in paragraph at lines 431--432

 []

Package lettrine.sty Info: Targeted height = 17.14pt
(lettrine.sty)             (for loversize=0, accent excluded),
(lettrine.sty)             Lettrine height = 11.06696pt (\textit {a});
(lettrine.sty)             reported on input line 437.

Underfull \hbox (badness 10000) in paragraph at lines 437--438

 []

Package lettrine.sty Info: Targeted height = 17.14pt
(lettrine.sty)             (for loversize=0, accent excluded),
(lettrine.sty)             Lettrine height = 17.41602pt (\textit {b});
(lettrine.sty)             reported on input line 451.

Underfull \hbox (badness 10000) in paragraph at lines 451--452

 []

Package lettrine.sty Info: Targeted height = 17.14pt
(lettrine.sty)             (for loversize=0, accent excluded),
(lettrine.sty)             Lettrine height = 11.06696pt (\textit {c});
(lettrine.sty)             reported on input line 475.

Underfull \hbox (badness 10000) in paragraph at lines 475--476

 []

Package lettrine.sty Info: Targeted height = 17.14pt
(lettrine.sty)             (for loversize=0, accent excluded),
(lettrine.sty)             Lettrine height = 17.41602pt (\textit {d});
(lettrine.sty)             reported on input line 493.

Underfull \hbox (badness 10000) in paragraph at lines 493--494

 []

Package lettrine.sty Info: Targeted height = 17.14pt
(lettrine.sty)             (for loversize=0, accent excluded),
(lettrine.sty)             Lettrine height = 11.06696pt (\textit {e});
(lettrine.sty)             reported on input line 520.

Underfull \hbox (badness 10000) in paragraph at lines 520--521

 []

Package lettrine.sty Info: Targeted height = 17.14pt
(lettrine.sty)             (for loversize=0, accent excluded),
(lettrine.sty)             Lettrine height = 17.66696pt (\textit {f});
(lettrine.sty)             reported on input line 536.

Underfull \hbox (badness 10000) in paragraph at lines 536--537

 []

[5]
Package lettrine.sty Info: Targeted height = 17.14pt
(lettrine.sty)             (for loversize=0, accent excluded),
(lettrine.sty)             Lettrine height = 11.06696pt (\textit {g});
(lettrine.sty)             reported on input line 548.

Underfull \hbox (badness 10000) in paragraph at lines 548--549

 []

Package lettrine.sty Info: Targeted height = 17.14pt
(lettrine.sty)             (for loversize=0, accent excluded),
(lettrine.sty)             Lettrine height = 17.41602pt (\textit {h});
(lettrine.sty)             reported on input line 558.

Underfull \hbox (badness 10000) in paragraph at lines 558--559

 []

Package lettrine.sty Info: Targeted height = 17.14pt
(lettrine.sty)             (for loversize=0, accent excluded),
(lettrine.sty)             Lettrine height = 16.31183pt (\textit {i});
(lettrine.sty)             reported on input line 582.

Underfull \hbox (badness 10000) in paragraph at lines 582--583

 []

Package lettrine.sty Info: Targeted height = 17.14pt
(lettrine.sty)             (for loversize=0, accent excluded),
(lettrine.sty)             Lettrine height = 16.31183pt (\textit {j});
(lettrine.sty)             reported on input line 604.

Underfull \hbox (badness 10000) in paragraph at lines 604--605

 []

Package lettrine.sty Info: Targeted height = 17.14pt
(lettrine.sty)             (for loversize=0, accent excluded),
(lettrine.sty)             Lettrine height = 17.41602pt (\textit {k});
(lettrine.sty)             reported on input line 610.

Underfull \hbox (badness 10000) in paragraph at lines 610--611

 []

Package lettrine.sty Info: Targeted height = 17.14pt
(lettrine.sty)             (for loversize=0, accent excluded),
(lettrine.sty)             Lettrine height = 17.41602pt (\textit {l});
(lettrine.sty)             reported on input line 617.

Underfull \hbox (badness 10000) in paragraph at lines 617--618

 []

Package lettrine.sty Info: Targeted height = 17.14pt
(lettrine.sty)             (for loversize=0, accent excluded),
(lettrine.sty)             Lettrine height = 11.06696pt (\textit {m});
(lettrine.sty)             reported on input line 629.

Underfull \hbox (badness 10000) in paragraph at lines 629--630

 []

Package lettrine.sty Info: Targeted height = 17.14pt
(lettrine.sty)             (for loversize=0, accent excluded),
(lettrine.sty)             Lettrine height = 11.06696pt (\textit {n});
(lettrine.sty)             reported on input line 643.

Underfull \hbox (badness 10000) in paragraph at lines 643--644

 []

Package lettrine.sty Info: Targeted height = 17.14pt
(lettrine.sty)             (for loversize=0, accent excluded),
(lettrine.sty)             Lettrine height = 11.06696pt (\textit {o});
(lettrine.sty)             reported on input line 649.

Underfull \hbox (badness 10000) in paragraph at lines 649--650

 []

Package lettrine.sty Info: Targeted height = 17.14pt
(lettrine.sty)             (for loversize=0, accent excluded),
(lettrine.sty)             Lettrine height = 11.06696pt (\textit {p});
(lettrine.sty)             reported on input line 663.

Underfull \hbox (badness 10000) in paragraph at lines 663--664

 []

[6]
Package lettrine.sty Info: Targeted height = 17.14pt
(lettrine.sty)             (for loversize=0, accent excluded),
(lettrine.sty)             Lettrine height = 11.06696pt (\textit {q});
(lettrine.sty)             reported on input line 685.

Underfull \hbox (badness 10000) in paragraph at lines 685--686

 []

Package lettrine.sty Info: Targeted height = 17.14pt
(lettrine.sty)             (for loversize=0, accent excluded),
(lettrine.sty)             Lettrine height = 11.06696pt (\textit {r});
(lettrine.sty)             reported on input line 687.

Underfull \hbox (badness 10000) in paragraph at lines 687--688

 []

Package lettrine.sty Info: Targeted height = 17.14pt
(lettrine.sty)             (for loversize=0, accent excluded),
(lettrine.sty)             Lettrine height = 11.06696pt (\textit {s});
(lettrine.sty)             reported on input line 703.

Underfull \hbox (badness 10000) in paragraph at lines 703--704

 []

Package lettrine.sty Info: Targeted height = 17.14pt
(lettrine.sty)             (for loversize=0, accent excluded),
(lettrine.sty)             Lettrine height = 15.68445pt (\textit {t});
(lettrine.sty)             reported on input line 723.

Underfull \hbox (badness 10000) in paragraph at lines 723--724

 []

Package lettrine.sty Info: Targeted height = 17.14pt
(lettrine.sty)             (for loversize=0, accent excluded),
(lettrine.sty)             Lettrine height = 11.06696pt (\textit {u});
(lettrine.sty)             reported on input line 777.

Underfull \hbox (badness 10000) in paragraph at lines 777--778

 []

Package lettrine.sty Info: Targeted height = 17.14pt
(lettrine.sty)             (for loversize=0, accent excluded),
(lettrine.sty)             Lettrine height = 11.06696pt (\textit {v});
(lettrine.sty)             reported on input line 783.

Underfull \hbox (badness 10000) in paragraph at lines 783--784

 []

Package lettrine.sty Info: Targeted height = 17.14pt
(lettrine.sty)             (for loversize=0, accent excluded),
(lettrine.sty)             Lettrine height = 11.06696pt (\textit {w});
(lettrine.sty)             reported on input line 789.

Underfull \hbox (badness 10000) in paragraph at lines 789--790

 []


Overfull \vbox (2.46945pt too high) has occurred while \output is active []


Overfull \vbox (2.46945pt too high) has occurred while \output is active []


[7]


<QR code requested for "https://www.ctan.org/tex-archive/macros/latex/contrib/q
rcode?lang=en" in version 0-M.>

<Copying the QR code for "https://www.ctan.org/tex-archive/macros/latex/contrib
/qrcode?lang=en" in version 5-M as previously calculated.>
LaTeX Font Info:    External font `cmex10' loaded for size
(Font)              <7> on input line 827.
LaTeX Font Info:    External font `cmex10' loaded for size
(Font)              <5> on input line 827.
(/usr/share/texmf-dist/tex/latex/microtype/mt-cmr.cfg
File: mt-cmr.cfg 2013/05/19 v2.2 microtype config. file: Computer Modern Roman 
(RS)
) [8]
(/home/dawn/dict/dic.aux
<Reading QR code for "https://www.ctan.org/tex-archive/macros/latex/contrib/qrc
ode?lang=en" at level 5-M from aux file.>
)

LaTeX Font Warning: Some font shapes were not available, defaults substituted.

 ) 
Here is how much of TeX's memory you used:
 58733 strings out of 476156
 1234612 string characters out of 5814964
 948102 words of memory out of 5000000
 79382 multiletter control sequences out of 15000+600000
 473407 words of font info for 50 fonts, out of 8000000 for 9000
 1348 hyphenation exceptions out of 8191
 77i,12n,80p,1594b,47306s stack positions out of 5000i,500n,10000p,200000b,80000s

Output written on /home/dawn/dict/dic.pdf (8 pages).
